2025/06/17 19:09:09 Verbindung zu MongoDB: mongodb://localhost:27017
2025/06/17 19:09:09 Erfolgreich mit MongoDB verbunden
2025/06/17 19:09:09 Admin-Benutzer wurde überprüft/erstellt
2025/06/17 19:09:09 Starting reservation scheduler with 1 minute interval
2025/06/17 19:09:09 Processing scheduled reservations...
2025/06/17 19:09:09 Scheduled reservations processed successfully
[GIN-debug] [WARNING] Creating an Engine instance with the Logger and Recovery middleware already attached.

[GIN-debug] [WARNING] Running in "debug" mode. Switch to "release" mode in production.
 - using env:	export GIN_MODE=release
 - using code:	gin.SetMode(gin.ReleaseMode)

[GIN-debug] GET    /static/*filepath         --> github.com/gin-gonic/gin.(*RouterGroup).createStaticHandler.func1 (4 handlers)
[GIN-debug] HEAD   /static/*filepath         --> github.com/gin-gonic/gin.(*RouterGroup).createStaticHandler.func1 (4 handlers)
[GIN-debug] [WARNING] Since SetHTMLTemplate() is NOT thread-safe. It should only be called
at initialization. ie. before any route is registered or the router is listening in a socket:

	router := gin.Default()
	router.SetHTMLTemplate(template) // << good place

[GIN-debug] GET    /login                    --> FleetDrive/backend.setupPublicRoutes.func1 (4 handlers)
[GIN-debug] POST   /auth                     --> FleetDrive/backend/handler.(*AuthHandler).Login-fm (4 handlers)
[GIN-debug] GET    /logout                   --> FleetDrive/backend/handler.(*AuthHandler).Logout-fm (4 handlers)
[GIN-debug] GET    /                         --> FleetDrive/backend.setupPublicRoutes.func2 (4 handlers)
[GIN-debug] GET    /dashboard                --> FleetDrive/backend/handler.(*DashboardHandler).GetCompleteDashboardData-fm (5 handlers)
[GIN-debug] GET    /settings                 --> FleetDrive/backend.setupAuthorizedRoutes.func1 (5 handlers)
[GIN-debug] GET    /profile                  --> FleetDrive/backend.setupAuthorizedRoutes.func2 (5 handlers)
[GIN-debug] GET    /vehicles                 --> FleetDrive/backend.setupAuthorizedRoutes.func3 (5 handlers)
[GIN-debug] GET    /vehicles/new             --> FleetDrive/backend.setupAuthorizedRoutes.func4 (5 handlers)
[GIN-debug] GET    /vehicles/edit/:id        --> FleetDrive/backend.setupAuthorizedRoutes.func5 (5 handlers)
[GIN-debug] GET    /vehicle-details/:id      --> FleetDrive/backend.setupAuthorizedRoutes.func6 (5 handlers)
[GIN-debug] GET    /drivers                  --> FleetDrive/backend.setupAuthorizedRoutes.func7 (5 handlers)
[GIN-debug] GET    /bookings                 --> FleetDrive/backend.setupAuthorizedRoutes.func8 (5 handlers)
[GIN-debug] GET    /reports                  --> FleetDrive/backend.setupAuthorizedRoutes.func9 (5 handlers)
[GIN-debug] GET    /drivers/new              --> FleetDrive/backend.setupAuthorizedRoutes.func10 (5 handlers)
[GIN-debug] GET    /drivers/edit/:id         --> FleetDrive/backend.setupAuthorizedRoutes.func11 (5 handlers)
[GIN-debug] GET    /activities               --> FleetDrive/backend.setupAuthorizedRoutes.func12 (5 handlers)
[GIN-debug] GET    /reservations             --> FleetDrive/backend/handler.(*ReservationHandler).ShowReservationsPage-fm (5 handlers)
[GIN-debug] GET    /api/users                --> FleetDrive/backend/handler.(*UserHandler).GetUsers-fm (5 handlers)
[GIN-debug] GET    /api/users/:id            --> FleetDrive/backend/handler.(*UserHandler).GetUser-fm (5 handlers)
[GIN-debug] POST   /api/users                --> FleetDrive/backend/handler.(*UserHandler).CreateUser-fm (6 handlers)
[GIN-debug] PUT    /api/users/:id            --> FleetDrive/backend/handler.(*UserHandler).UpdateUser-fm (6 handlers)
[GIN-debug] DELETE /api/users/:id            --> FleetDrive/backend/handler.(*UserHandler).DeleteUser-fm (6 handlers)
[GIN-debug] PUT    /api/profile              --> FleetDrive/backend/handler.(*ProfileHandler).UpdateProfile-fm (5 handlers)
[GIN-debug] POST   /api/profile/password     --> FleetDrive/backend/handler.(*ProfileHandler).ChangePassword-fm (5 handlers)
[GIN-debug] GET    /api/profile/bookings/my-active --> FleetDrive/backend/handler.(*ProfileHandler).GetMyActiveBookings-fm (5 handlers)
[GIN-debug] GET    /api/profile/notification-settings --> FleetDrive/backend/handler.(*ProfileHandler).GetNotificationSettings-fm (5 handlers)
[GIN-debug] PUT    /api/profile/notification-settings --> FleetDrive/backend/handler.(*ProfileHandler).UpdateNotificationSettings-fm (5 handlers)
[GIN-debug] GET    /api/profile/stats        --> FleetDrive/backend/handler.(*ProfileHandler).GetProfileStats-fm (5 handlers)
[GIN-debug] GET    /api/vehicles             --> FleetDrive/backend/handler.(*VehicleHandler).GetVehicles-fm (5 handlers)
[GIN-debug] GET    /api/vehicles/:id         --> FleetDrive/backend/handler.(*VehicleHandler).GetVehicle-fm (5 handlers)
[GIN-debug] POST   /api/vehicles             --> FleetDrive/backend/handler.(*VehicleHandler).CreateVehicle-fm (5 handlers)
[GIN-debug] PUT    /api/vehicles/:id         --> FleetDrive/backend/handler.(*VehicleHandler).UpdateVehicle-fm (5 handlers)
[GIN-debug] PUT    /api/vehicles/:id/basic-info --> FleetDrive/backend/handler.(*VehicleHandler).UpdateBasicInfo-fm (5 handlers)
[GIN-debug] DELETE /api/vehicles/:id         --> FleetDrive/backend/handler.(*VehicleHandler).DeleteVehicle-fm (6 handlers)
[GIN-debug] POST   /api/vehicles/:id/documents --> FleetDrive/backend/handler.(*VehicleDocumentHandler).UploadDocument-fm (5 handlers)
[GIN-debug] GET    /api/vehicles/:id/documents --> FleetDrive/backend/handler.(*VehicleDocumentHandler).GetVehicleDocuments-fm (5 handlers)
[GIN-debug] GET    /api/vehicles/:id/image   --> FleetDrive/backend/handler.(*VehicleDocumentHandler).GetVehicleMainImage-fm (5 handlers)
[GIN-debug] GET    /api/documents/:id/download --> FleetDrive/backend/handler.(*VehicleDocumentHandler).DownloadDocument-fm (5 handlers)
[GIN-debug] PUT    /api/documents/:id        --> FleetDrive/backend/handler.(*VehicleDocumentHandler).UpdateDocument-fm (5 handlers)
[GIN-debug] DELETE /api/documents/:id        --> FleetDrive/backend/handler.(*VehicleDocumentHandler).DeleteDocument-fm (5 handlers)
[GIN-debug] GET    /api/drivers              --> FleetDrive/backend/handler.(*DriverHandler).GetDrivers-fm (5 handlers)
[GIN-debug] GET    /api/drivers/:id          --> FleetDrive/backend/handler.(*DriverHandler).GetDriver-fm (5 handlers)
[GIN-debug] POST   /api/drivers              --> FleetDrive/backend/handler.(*DriverHandler).CreateDriver-fm (5 handlers)
[GIN-debug] PUT    /api/drivers/:id          --> FleetDrive/backend/handler.(*DriverHandler).UpdateDriver-fm (5 handlers)
[GIN-debug] DELETE /api/drivers/:id          --> FleetDrive/backend/handler.(*DriverHandler).DeleteDriver-fm (6 handlers)
[GIN-debug] PUT    /api/drivers/:id/assign-vehicle --> FleetDrive/backend/handler.(*DriverHandler).AssignVehicle-fm (5 handlers)
[GIN-debug] POST   /api/drivers/cleanup-assignments --> FleetDrive/backend/handler.(*DriverHandler).CleanupInconsistentAssignments-fm (6 handlers)
[GIN-debug] POST   /api/drivers/:id/documents --> FleetDrive/backend/handler.(*DriverDocumentHandler).UploadDocument-fm (5 handlers)
[GIN-debug] GET    /api/drivers/:id/documents --> FleetDrive/backend/handler.(*DriverDocumentHandler).GetDriverDocuments-fm (5 handlers)
[GIN-debug] GET    /api/drivers/:id/license  --> FleetDrive/backend/handler.(*DriverDocumentHandler).GetDriverLicense-fm (5 handlers)
[GIN-debug] GET    /api/maintenance          --> FleetDrive/backend/handler.(*MaintenanceHandler).GetMaintenanceEntries-fm (5 handlers)
[GIN-debug] GET    /api/maintenance/vehicle/:vehicleId --> FleetDrive/backend/handler.(*MaintenanceHandler).GetVehicleMaintenanceEntries-fm (5 handlers)
[GIN-debug] GET    /api/maintenance/:id      --> FleetDrive/backend/handler.(*MaintenanceHandler).GetMaintenanceEntry-fm (5 handlers)
[GIN-debug] POST   /api/maintenance          --> FleetDrive/backend/handler.(*MaintenanceHandler).CreateMaintenanceEntry-fm (5 handlers)
[GIN-debug] PUT    /api/maintenance/:id      --> FleetDrive/backend/handler.(*MaintenanceHandler).UpdateMaintenanceEntry-fm (5 handlers)
[GIN-debug] DELETE /api/maintenance/:id      --> FleetDrive/backend/handler.(*MaintenanceHandler).DeleteMaintenanceEntry-fm (5 handlers)
[GIN-debug] GET    /api/maintenance/upcoming --> FleetDrive/backend/handler.(*DashboardHandler).GetUpcomingMaintenance-fm (5 handlers)
[GIN-debug] GET    /api/usage                --> FleetDrive/backend/handler.(*VehicleUsageHandler).GetUsageEntries-fm (5 handlers)
[GIN-debug] GET    /api/usage/vehicle/:vehicleId --> FleetDrive/backend/handler.(*VehicleUsageHandler).GetVehicleUsageEntries-fm (5 handlers)
[GIN-debug] GET    /api/usage/driver/:driverId --> FleetDrive/backend/handler.(*VehicleUsageHandler).GetDriverUsageEntries-fm (5 handlers)
[GIN-debug] GET    /api/usage/:id            --> FleetDrive/backend/handler.(*VehicleUsageHandler).GetUsageEntry-fm (5 handlers)
[GIN-debug] POST   /api/usage                --> FleetDrive/backend/handler.(*VehicleUsageHandler).CreateUsageEntry-fm (5 handlers)
[GIN-debug] PUT    /api/usage/:id            --> FleetDrive/backend/handler.(*VehicleUsageHandler).UpdateUsageEntry-fm (5 handlers)
[GIN-debug] DELETE /api/usage/:id            --> FleetDrive/backend/handler.(*VehicleUsageHandler).DeleteUsageEntry-fm (5 handlers)
[GIN-debug] GET    /api/fuelcosts            --> FleetDrive/backend/handler.(*FuelCostHandler).GetFuelCosts-fm (5 handlers)
[GIN-debug] GET    /api/fuelcosts/vehicle/:vehicleId --> FleetDrive/backend/handler.(*FuelCostHandler).GetVehicleFuelCosts-fm (5 handlers)
[GIN-debug] GET    /api/fuelcosts/:id        --> FleetDrive/backend/handler.(*FuelCostHandler).GetFuelCost-fm (5 handlers)
[GIN-debug] POST   /api/fuelcosts            --> FleetDrive/backend/handler.(*FuelCostHandler).CreateFuelCost-fm (5 handlers)
[GIN-debug] PUT    /api/fuelcosts/:id        --> FleetDrive/backend/handler.(*FuelCostHandler).UpdateFuelCost-fm (5 handlers)
[GIN-debug] DELETE /api/fuelcosts/:id        --> FleetDrive/backend/handler.(*FuelCostHandler).DeleteFuelCost-fm (5 handlers)
[GIN-debug] GET    /api/activities           --> FleetDrive/backend/handler.(*ActivityHandler).GetActivities-fm (5 handlers)
[GIN-debug] GET    /api/activities/vehicle/:vehicleId --> FleetDrive/backend/handler.(*ActivityHandler).GetVehicleActivities-fm (5 handlers)
[GIN-debug] GET    /api/activities/driver/:driverId --> FleetDrive/backend/handler.(*ActivityHandler).GetDriverActivities-fm (5 handlers)
[GIN-debug] GET    /api/activities/recent    --> FleetDrive/backend/handler.(*DashboardHandler).GetRecentActivities-fm (5 handlers)
[GIN-debug] GET    /api/driver-documents/:docId/download --> FleetDrive/backend/handler.(*DriverDocumentHandler).DownloadDocument-fm (5 handlers)
[GIN-debug] GET    /api/driver-documents/:docId/view --> FleetDrive/backend/handler.(*DriverDocumentHandler).ViewDocument-fm (5 handlers)
[GIN-debug] PUT    /api/driver-documents/:docId --> FleetDrive/backend/handler.(*DriverDocumentHandler).UpdateDocument-fm (5 handlers)
[GIN-debug] DELETE /api/driver-documents/:docId --> FleetDrive/backend/handler.(*DriverDocumentHandler).DeleteDocument-fm (5 handlers)
[GIN-debug] GET    /api/dashboard/stats      --> FleetDrive/backend/handler.(*DashboardHandler).GetDashboardStats-fm (5 handlers)
[GIN-debug] GET    /api/dashboard/fuel-costs-by-vehicle --> FleetDrive/backend/handler.(*DashboardHandler).GetFuelCostsByVehicle-fm (5 handlers)
[GIN-debug] POST   /api/integrations/peopleflow/save --> FleetDrive/backend/handler.(*PeopleFlowHandler).SavePeopleFlowCredentials-fm (6 handlers)
[GIN-debug] GET    /api/integrations/peopleflow/test --> FleetDrive/backend/handler.(*PeopleFlowHandler).TestPeopleFlowConnection-fm (6 handlers)
[GIN-debug] GET    /api/integrations/peopleflow/status --> FleetDrive/backend/handler.(*PeopleFlowHandler).GetPeopleFlowStatus-fm (5 handlers)
[GIN-debug] POST   /api/integrations/peopleflow/sync/employees --> FleetDrive/backend/handler.(*PeopleFlowHandler).SyncPeopleFlowEmployees-fm (6 handlers)
[GIN-debug] POST   /api/integrations/peopleflow/sync/drivers --> FleetDrive/backend/handler.(*PeopleFlowHandler).SyncPeopleFlowDrivers-fm (6 handlers)
[GIN-debug] DELETE /api/integrations/peopleflow/remove --> FleetDrive/backend/handler.(*PeopleFlowHandler).RemovePeopleFlowIntegration-fm (6 handlers)
[GIN-debug] GET    /api/integrations/peopleflow/employees --> FleetDrive/backend/handler.(*PeopleFlowHandler).GetPeopleFlowEmployees-fm (5 handlers)
[GIN-debug] GET    /api/integrations/peopleflow/sync-logs --> FleetDrive/backend/handler.(*PeopleFlowHandler).GetPeopleFlowSyncLogs-fm (5 handlers)
[GIN-debug] PUT    /api/integrations/peopleflow/auto-sync --> FleetDrive/backend/handler.(*PeopleFlowHandler).UpdatePeopleFlowAutoSync-fm (6 handlers)
[GIN-debug] GET    /api/reports/stats        --> FleetDrive/backend/handler.(*ReportsHandler).GetReportsStats-fm (5 handlers)
[GIN-debug] GET    /api/reports/vehicle-ranking --> FleetDrive/backend/handler.(*ReportsHandler).GetVehicleRanking-fm (5 handlers)
[GIN-debug] GET    /api/reports/driver-ranking --> FleetDrive/backend/handler.(*ReportsHandler).GetDriverRanking-fm (5 handlers)
[GIN-debug] GET    /api/reports/cost-breakdown --> FleetDrive/backend/handler.(*ReportsHandler).GetCostBreakdown-fm (5 handlers)
[GIN-debug] GET    /api/reservations         --> FleetDrive/backend/handler.(*ReservationHandler).GetReservations-fm (5 handlers)
[GIN-debug] POST   /api/reservations         --> FleetDrive/backend/handler.(*ReservationHandler).CreateReservation-fm (5 handlers)
[GIN-debug] PUT    /api/reservations/:id     --> FleetDrive/backend/handler.(*ReservationHandler).UpdateReservation-fm (5 handlers)
[GIN-debug] DELETE /api/reservations/:id     --> FleetDrive/backend/handler.(*ReservationHandler).CancelReservation-fm (5 handlers)
[GIN-debug] POST   /api/reservations/:id/complete --> FleetDrive/backend/handler.(*ReservationHandler).CompleteReservation-fm (5 handlers)
[GIN-debug] GET    /api/reservations/vehicle/:vehicleId --> FleetDrive/backend/handler.(*ReservationHandler).GetReservationsByVehicle-fm (5 handlers)
[GIN-debug] GET    /api/reservations/driver/:driverId --> FleetDrive/backend/handler.(*ReservationHandler).GetReservationsByDriver-fm (5 handlers)
[GIN-debug] GET    /api/reservations/available-vehicles --> FleetDrive/backend/handler.(*ReservationHandler).GetAvailableVehicles-fm (5 handlers)
[GIN-debug] GET    /api/reservations/check-conflict --> FleetDrive/backend/handler.(*ReservationHandler).CheckReservationConflict-fm (5 handlers)
2025/06/17 19:09:09 Server starting on http://localhost:8080
[GIN] 2025/06/17 - 19:09:15 | 302 |      535.75µs |             ::1 | GET      "/api/reports/stats"
